d:\temporary internet files\ie\jkcutk9y\300[1]
c:\users\tomoki\desktop\sepiatoon2\project\sepiatoon2\release\main.nativecodeanalysis.xml
c:\users\tomoki\desktop\sepiatoon2\project\sepiatoon2\release\main.obj
c:\users\tomoki\desktop\sepiatoon2\project\sepiatoon2\release\vc140.pdb
c:\users\tomoki\desktop\sepiatoon2\project\release\sepiatoon2.exe
c:\users\tomoki\desktop\sepiatoon2\project\release\sepiatoon2.ipdb
c:\users\tomoki\desktop\sepiatoon2\project\release\sepiatoon2.iobj
c:\users\tomoki\desktop\sepiatoon2\project\release\sepiatoon2.pdb
c:\users\tomoki\desktop\sepiatoon2\project\sepiatoon2\release\resource.res
c:\users\tomoki\desktop\sepiatoon2\project\release\sepiatoon2.lib
c:\users\tomoki\desktop\sepiatoon2\project\release\sepiatoon2.exp
c:\users\tomoki\desktop\sepiatoon2\project\sepiatoon2\release\nativecodeanalysis.read.1.tlog
c:\users\tomoki\desktop\sepiatoon2\project\sepiatoon2\release\vc.nativecodeanalysis.all.xml
c:\users\tomoki\desktop\sepiatoon2\project\release\sepiatoon2.exe.lastcodeanalysissucceeded
c:\users\tomoki\desktop\sepiatoon2\project\sepiatoon2\release\sepiatoon2.tlog\cl.command.1.tlog
c:\users\tomoki\desktop\sepiatoon2\project\sepiatoon2\release\sepiatoon2.tlog\cl.read.1.tlog
c:\users\tomoki\desktop\sepiatoon2\project\sepiatoon2\release\sepiatoon2.tlog\cl.write.1.tlog
c:\users\tomoki\desktop\sepiatoon2\project\sepiatoon2\release\sepiatoon2.tlog\link.command.1.tlog
c:\users\tomoki\desktop\sepiatoon2\project\sepiatoon2\release\sepiatoon2.tlog\link.read.1.tlog
c:\users\tomoki\desktop\sepiatoon2\project\sepiatoon2\release\sepiatoon2.tlog\link.write.1.tlog
c:\users\tomoki\desktop\sepiatoon2\project\sepiatoon2\release\sepiatoon2.tlog\rc.command.1.tlog
c:\users\tomoki\desktop\sepiatoon2\project\sepiatoon2\release\sepiatoon2.tlog\rc.read.1.tlog
c:\users\tomoki\desktop\sepiatoon2\project\sepiatoon2\release\sepiatoon2.tlog\rc.write.1.tlog
c:\users\tomoki\desktop\sepiatoon2\project\sepiatoon2\release\sepiatoon2.tlog\sepiatoon2.write.1u.tlog
