d:\temporary internet files\ie\4zqh9o2j\300[1]
c:\users\tomoki\desktop\sepiatoon2\project\sepiatoon2\debug\main.nativecodeanalysis.xml
c:\users\tomoki\desktop\sepiatoon2\project\sepiatoon2\debug\main.obj
c:\users\tomoki\desktop\sepiatoon2\project\sepiatoon2\debug\vc140.pdb
c:\users\tomoki\desktop\sepiatoon2\project\debug\sepiatoon2.ilk
c:\users\tomoki\desktop\sepiatoon2\project\debug\sepiatoon2.exe
c:\users\tomoki\desktop\sepiatoon2\project\debug\sepiatoon2.pdb
c:\users\tomoki\desktop\sepiatoon2\project\sepiatoon2\debug\resource.res
c:\users\tomoki\desktop\sepiatoon2\project\debug\sepiatoon2.lib
c:\users\tomoki\desktop\sepiatoon2\project\debug\sepiatoon2.exp
c:\users\tomoki\desktop\sepiatoon2\project\sepiatoon2\debug\nativecodeanalysis.read.1.tlog
c:\users\tomoki\desktop\sepiatoon2\project\sepiatoon2\debug\vc140.idb
c:\users\tomoki\desktop\sepiatoon2\project\sepiatoon2\debug\vc.nativecodeanalysis.all.xml
c:\users\tomoki\desktop\sepiatoon2\project\debug\sepiatoon2.exe.lastcodeanalysissucceeded
c:\users\tomoki\desktop\sepiatoon2\project\sepiatoon2\debug\sepiatoon2.tlog\cl.command.1.tlog
c:\users\tomoki\desktop\sepiatoon2\project\sepiatoon2\debug\sepiatoon2.tlog\cl.read.1.tlog
c:\users\tomoki\desktop\sepiatoon2\project\sepiatoon2\debug\sepiatoon2.tlog\cl.write.1.tlog
c:\users\tomoki\desktop\sepiatoon2\project\sepiatoon2\debug\sepiatoon2.tlog\link.command.1.tlog
c:\users\tomoki\desktop\sepiatoon2\project\sepiatoon2\debug\sepiatoon2.tlog\link.read.1.tlog
c:\users\tomoki\desktop\sepiatoon2\project\sepiatoon2\debug\sepiatoon2.tlog\link.write.1.tlog
c:\users\tomoki\desktop\sepiatoon2\project\sepiatoon2\debug\sepiatoon2.tlog\rc.command.1.tlog
c:\users\tomoki\desktop\sepiatoon2\project\sepiatoon2\debug\sepiatoon2.tlog\rc.read.1.tlog
c:\users\tomoki\desktop\sepiatoon2\project\sepiatoon2\debug\sepiatoon2.tlog\rc.write.1.tlog
c:\users\tomoki\desktop\sepiatoon2\project\sepiatoon2\debug\sepiatoon2.tlog\sepiatoon2.write.1u.tlog
